<?xml version="1.0" encoding="UTF-8"?>
<!-- Generated by org.testng.reporters.JUnitReportReporter -->
<testsuite hostname="LAPTOP-GAUPM6CM" failures="0" tests="1" name="regression.ValidateLoginUsingDataProviderExcel" time="9.352" errors="0" timestamp="2025-03-22T20:25:09 IST" skipped="0">
  <testcase classname="regression.ValidateLoginUsingDataProviderExcel" name="validateLoginTest1" time="9.352"/>
  <system-out/>
</testsuite> <!-- regression.ValidateLoginUsingDataProviderExcel -->
