<?xml version="1.0" encoding="UTF-8"?>
<!-- Generated by org.testng.reporters.JUnitReportReporter -->
<testsuite hostname="LAPTOP-GAUPM6CM" failures="0" tests="1" name="smoke.ValidateRegistration" time="9.379" errors="0" timestamp="2025-03-24T20:01:24 IST" skipped="0">
  <testcase classname="smoke.ValidateRegistration" name="validateRegistrationTest" time="9.379"/>
  <system-out/>
</testsuite> <!-- smoke.ValidateRegistration -->
