<?xml version="1.0" encoding="UTF-8"?>
<!-- Generated by org.testng.reporters.JUnitReportReporter -->
<testsuite hostname="LAPTOP-GAUPM6CM" failures="0" tests="1" name="smoke.ValidateLogin" time="10.462" errors="0" timestamp="2025-03-24T19:52:50 IST" skipped="0">
  <testcase classname="smoke.ValidateLogin" name="validateLoginTest" time="10.462"/>
  <system-out/>
</testsuite> <!-- smoke.ValidateLogin -->
