<?xml version="1.0" encoding="UTF-8"?>
<!-- Generated by org.testng.reporters.JUnitReportReporter -->
<testsuite hostname="LAPTOP-GAUPM6CM" failures="0" tests="4" name="regression.ValidateLogin" time="45.224" errors="0" timestamp="2025-03-22T19:21:08 IST" skipped="0">
  <testcase classname="regression.ValidateLogin" name="validateLoginTest4" time="21.321"/>
  <system-out/>
  <testcase classname="regression.ValidateLogin" name="validateLoginTest2" time="7.636"/>
  <system-out/>
  <testcase classname="regression.ValidateLogin" name="validateLoginTest1" time="8.420"/>
  <system-out/>
  <testcase classname="regression.ValidateLogin" name="validateLoginTest3" time="7.847"/>
  <system-out/>
</testsuite> <!-- regression.ValidateLogin -->
