<?xml version="1.0" encoding="UTF-8"?>
<!-- Generated by org.testng.reporters.JUnitReportReporter -->
<testsuite hostname="LAPTOP-GAUPM6CM" failures="0" tests="1" name="smoke.ValidateRegistrationUsingDataProvider" time="9.054" errors="0" timestamp="2025-03-24T20:08:26 IST" skipped="0">
  <testcase classname="smoke.ValidateRegistrationUsingDataProvider" name="validateRegistrationTest" time="9.054"/>
  <system-out/>
</testsuite> <!-- smoke.ValidateRegistrationUsingDataProvider -->
