<?xml version="1.0" encoding="UTF-8"?>
<!-- Generated by org.testng.reporters.JUnitReportReporter -->
<testsuite hostname="LAPTOP-GAUPM6CM" failures="0" tests="4" name="regression.ValidateLoginUsingDataProvider" time="31.114" errors="0" timestamp="2025-03-22T19:38:13 IST" skipped="0">
  <testcase classname="regression.ValidateLoginUsingDataProvider" name="validateLoginTest1" time="6.845"/>
  <system-out/>
  <testcase classname="regression.ValidateLoginUsingDataProvider" name="validateLoginTest1" time="7.984"/>
  <system-out/>
  <testcase classname="regression.ValidateLoginUsingDataProvider" name="validateLoginTest1" time="8.422"/>
  <system-out/>
  <testcase classname="regression.ValidateLoginUsingDataProvider" name="validateLoginTest1" time="7.863"/>
  <system-out/>
</testsuite> <!-- regression.ValidateLoginUsingDataProvider -->
